2026-05-27 13:52:44,940 - INFO - 🚀 Сбор из 7 источников...
2026-05-27 13:52:45,070 - INFO - ✅ Загружен https://raw.githubusercontent.com/v0id9/vpn-configs/refs/heads/main/vpn.txt (32247 символов)
2026-05-27 13:52:45,072 - INFO - 📥 +117 VLESS из https://raw.githubusercontent.com/v0id9/vpn-configs/refs/heads/main/vpn.txt
2026-05-27 13:52:45,076 - INFO - 📥 +1 VMESS из https://raw.githubusercontent.com/v0id9/vpn-configs/refs/heads/main/vpn.txt
2026-05-27 13:52:45,076 - INFO - 📥 +4 TROJAN из https://raw.githubusercontent.com/v0id9/vpn-configs/refs/heads/main/vpn.txt
2026-05-27 13:52:45,081 - WARNING - ⚠️ Ошибка загрузки https://raw.githubusercontent.com/rtwo2/FastNodes/refs/heads/main/sub/protocols/trojan.txt: 404 Client Error: Not Found for url: https://raw.githubusercontent.com/rtwo2/FastNodes/refs/heads/main/sub/protocols/trojan.txt
2026-05-27 13:52:45,093 - WARNING - ⚠️ Ошибка загрузки https://raw.githubusercontent.com/rtwo2/FastNodes/refs/heads/main/sub/protocols/hysteria2.txt: 404 Client Error: Not Found for url: https://raw.githubusercontent.com/rtwo2/FastNodes/refs/heads/main/sub/protocols/hysteria2.txt
2026-05-27 13:52:45,154 - INFO - ✅ Загружен https://raw.githubusercontent.com/tahmaseb73/Telegram_config_collector/refs/heads/main/configs/proxy_configs.txt (102342 символов)
2026-05-27 13:52:45,160 - INFO - 📥 +84 VLESS из https://raw.githubusercontent.com/tahmaseb73/Telegram_config_collector/refs/heads/main/configs/proxy_configs.txt
2026-05-27 13:52:45,164 - INFO - 📥 +60 TROJAN из https://raw.githubusercontent.com/tahmaseb73/Telegram_config_collector/refs/heads/main/configs/proxy_configs.txt
2026-05-27 13:52:45,165 - INFO - 📥 +84 HYSTERIA2 из https://raw.githubusercontent.com/tahmaseb73/Telegram_config_collector/refs/heads/main/configs/proxy_configs.txt
2026-05-27 13:52:45,168 - INFO - ✅ Загружен https://raw.githubusercontent.com/EtoNeYaProject/etoneyaproject.github.io/refs/heads/main/1 (388856 символов)
2026-05-27 13:52:45,187 - INFO - 📥 +1707 VLESS из https://raw.githubusercontent.com/EtoNeYaProject/etoneyaproject.github.io/refs/heads/main/1
2026-05-27 13:52:45,221 - INFO - 📥 +19 VMESS из https://raw.githubusercontent.com/EtoNeYaProject/etoneyaproject.github.io/refs/heads/main/1
2026-05-27 13:52:45,221 - INFO - 📥 +94 TROJAN из https://raw.githubusercontent.com/EtoNeYaProject/etoneyaproject.github.io/refs/heads/main/1
2026-05-27 13:52:45,222 - INFO - 📥 +3 HYSTERIA2 из https://raw.githubusercontent.com/EtoNeYaProject/etoneyaproject.github.io/refs/heads/main/1
2026-05-27 13:52:45,248 - INFO - ✅ Загружен https://raw.githubusercontent.com/nikita29a/FreeProxyList/refs/heads/main/mirror/1.txt (2308831 символов)
2026-05-27 13:52:45,355 - INFO - 📥 +2649 VLESS из https://raw.githubusercontent.com/nikita29a/FreeProxyList/refs/heads/main/mirror/1.txt
2026-05-27 13:52:45,432 - INFO - 📥 +657 VMESS из https://raw.githubusercontent.com/nikita29a/FreeProxyList/refs/heads/main/mirror/1.txt
2026-05-27 13:52:45,440 - INFO - 📥 +5860 TROJAN из https://raw.githubusercontent.com/nikita29a/FreeProxyList/refs/heads/main/mirror/1.txt
2026-05-27 13:52:45,687 - INFO - ✅ Загружен https://raw.githubusercontent.com/nikita29a/FreeProxyList/refs/heads/main/mirror/2.txt (16389363 символов)
2026-05-27 13:52:46,523 - INFO - 📥 +70453 VLESS из https://raw.githubusercontent.com/nikita29a/FreeProxyList/refs/heads/main/mirror/2.txt
2026-05-27 13:52:48,208 - INFO - 📥 +25 VMESS из https://raw.githubusercontent.com/nikita29a/FreeProxyList/refs/heads/main/mirror/2.txt
2026-05-27 13:52:48,209 - INFO - 📥 +5 TROJAN из https://raw.githubusercontent.com/nikita29a/FreeProxyList/refs/heads/main/mirror/2.txt
2026-05-27 13:52:48,311 - INFO - 💾 all.txt: 59947
2026-05-27 13:52:48,311 - INFO - 📋 Загружено 908 доменов
2026-05-27 13:52:48,482 - INFO - 📋 Загружено 30228 CIDR сетей
2026-05-27 14:02:32,990 - INFO - 📱 LTE.txt: 59947 (отсортирован)
2026-05-27 14:02:33,048 - INFO - 📶 WiFi.txt: 53773
2026-05-27 14:02:33,077 - INFO - 📊 Статистика сохранена
2026-05-27 14:02:33,077 - INFO - 📄 README.md обновлён
